<?xml version="1.0" encoding="UTF-8"?>
<testsuites name="OrangeHRM" time="25" tests="2" failures="0" errors="0">
   <testsuite name="OrangeHRM" tests="2" failures="0" errors="0" time="25" timestamp="2018-08-13 16:41:18" hostname="matthew.davids - Miles.newmedialabs.local" id="Test Suites/OrangeHRM">
      <properties>
         <property name="deviceName" value=""/>
         <property name="devicePlatform" value=""/>
         <property name="logFolder" value="C:\\Users\\matthew.davids\\git\\KatalonGitTest1\\Reports\\OrangeHRM\\20180813_164115"/>
         <property name="logFiles" value="C:\\Users\\matthew.davids\\git\\KatalonGitTest1\\Reports\\OrangeHRM\\20180813_164115\\execution0.log"/>
         <property name="attachments" value=""/>
         <property name="hostName" value="matthew.davids - Miles.newmedialabs.local"/>
         <property name="os" value="Windows 10 64bit"/>
         <property name="katalonVersion" value="5.6.0.1"/>
         <property name="browser" value="Chrome 68.0.3440.75"/>
         <property name="hostAddress" value="192.168.10.144"/>
         <property name="sessionId" value="4d404d5c4679be92528636badca2f136"/>
         <property name="seleniumVersion" value="3.7.1"/>
         <property name="proxyInformation" value="ProxyInformation{proxyOption=NO_PROXY, proxyServerType=HTTP, password=, proxyServerAddress=, proxyServerPort=0}"/>
         <property name="platform" value="Windows 10"/>
      </properties>
      <testcase name="Test Cases/OrangeHRM/Search" classname="Test Cases/OrangeHRM/Search" status="PASSED">
         <system-out><![CDATA[2018-08-13 16:41:18 - [TEST_CASE][PASSED] - Test Cases/OrangeHRM/Search: Test Cases/OrangeHRM/Search

2018-08-13 16:41:19 - [TEST_STEP][PASSED] - openBrowser: Browser is opened with url: ''

2018-08-13 16:41:23 - [MESSAGE][PASSED] - Browser is opened with url: ''

2018-08-13 16:41:23 - [TEST_STEP][PASSED] - navigateToUrl: Navigate to 'https://opensource-demo.orangehrmlive.com/index.php/auth/login' successfully

2018-08-13 16:41:27 - [MESSAGE][PASSED] - Navigate to 'https://opensource-demo.orangehrmlive.com/index.php/auth/login' successfully

2018-08-13 16:41:27 - [TEST_STEP][PASSED] - setText: Text 'Admin' is set on object 'Object Repository/Page_OrangeHRM/input_txtUsername'

2018-08-13 16:41:27 - [MESSAGE][PASSED] - Text 'Admin' is set on object 'Object Repository/Page_OrangeHRM/input_txtUsername'

2018-08-13 16:41:27 - [TEST_STEP][PASSED] - setEncryptedText: Text ****** has been set on object 'Object Repository/Page_OrangeHRM/input_txtPassword'

2018-08-13 16:41:27 - [MESSAGE][PASSED] - Text ****** has been set on object 'Object Repository/Page_OrangeHRM/input_txtPassword'

2018-08-13 16:41:27 - [TEST_STEP][PASSED] - click: Object: 'Object Repository/Page_OrangeHRM/input_Submit' is clicked on

2018-08-13 16:41:31 - [MESSAGE][PASSED] - Object: 'Object Repository/Page_OrangeHRM/input_Submit' is clicked on

2018-08-13 16:41:31 - [TEST_STEP][PASSED] - click: Object: 'Object Repository/Page_OrangeHRM/b_Admin' is clicked on

2018-08-13 16:41:32 - [MESSAGE][PASSED] - Object: 'Object Repository/Page_OrangeHRM/b_Admin' is clicked on

2018-08-13 16:41:32 - [TEST_STEP][PASSED] - setText: Text 'admin' is set on object 'Object Repository/Page_OrangeHRM/input_searchSystemUseruserName'

2018-08-13 16:41:32 - [MESSAGE][PASSED] - Text 'admin' is set on object 'Object Repository/Page_OrangeHRM/input_searchSystemUseruserName'

2018-08-13 16:41:32 - [TEST_STEP][PASSED] - click: Object: 'Object Repository/Page_OrangeHRM/input__search' is clicked on

2018-08-13 16:41:32 - [MESSAGE][PASSED] - Object: 'Object Repository/Page_OrangeHRM/input__search' is clicked on

2018-08-13 16:41:32 - [TEST_STEP][PASSED] - click: Object: 'Object Repository/Page_OrangeHRM/a_Welcome Admin' is clicked on

2018-08-13 16:41:33 - [MESSAGE][PASSED] - Object: 'Object Repository/Page_OrangeHRM/a_Welcome Admin' is clicked on

2018-08-13 16:41:33 - [TEST_STEP][PASSED] - closeBrowser: Browser is closed

2018-08-13 16:41:33 - [MESSAGE][PASSED] - Browser is closed]]></system-out>
         <system-err><![CDATA[]]></system-err>
      </testcase>
      <testcase name="Test Cases/OrangeHRM/ValidLogin" classname="Test Cases/OrangeHRM/ValidLogin" status="PASSED">
         <system-out><![CDATA[2018-08-13 16:41:33 - [TEST_CASE][PASSED] - Test Cases/OrangeHRM/ValidLogin: Test Cases/OrangeHRM/ValidLogin

2018-08-13 16:41:33 - [TEST_STEP][PASSED] - openBrowser: Browser is opened with url: ''

2018-08-13 16:41:35 - [MESSAGE][PASSED] - Browser is opened with url: ''

2018-08-13 16:41:35 - [TEST_STEP][PASSED] - navigateToUrl: Navigate to 'https://opensource-demo.orangehrmlive.com/index.php/auth/login' successfully

2018-08-13 16:41:39 - [MESSAGE][PASSED] - Navigate to 'https://opensource-demo.orangehrmlive.com/index.php/auth/login' successfully

2018-08-13 16:41:39 - [TEST_STEP][PASSED] - setText: Text 'Admin' is set on object 'Object Repository/Page_OrangeHRM/input_txtUsername'

2018-08-13 16:41:39 - [MESSAGE][PASSED] - Text 'Admin' is set on object 'Object Repository/Page_OrangeHRM/input_txtUsername'

2018-08-13 16:41:39 - [TEST_STEP][PASSED] - setEncryptedText: Text ****** has been set on object 'Object Repository/Page_OrangeHRM/input_txtPassword'

2018-08-13 16:41:39 - [MESSAGE][PASSED] - Text ****** has been set on object 'Object Repository/Page_OrangeHRM/input_txtPassword'

2018-08-13 16:41:39 - [TEST_STEP][PASSED] - click: Object: 'Object Repository/Page_OrangeHRM/input_Submit' is clicked on

2018-08-13 16:41:43 - [MESSAGE][PASSED] - Object: 'Object Repository/Page_OrangeHRM/input_Submit' is clicked on

2018-08-13 16:41:43 - [TEST_STEP][PASSED] - click: Object: 'Object Repository/Page_OrangeHRM/a_Welcome Admin' is clicked on

2018-08-13 16:41:43 - [MESSAGE][PASSED] - Object: 'Object Repository/Page_OrangeHRM/a_Welcome Admin' is clicked on

2018-08-13 16:41:43 - [TEST_STEP][PASSED] - closeBrowser: Browser is closed

2018-08-13 16:41:43 - [MESSAGE][PASSED] - Browser is closed]]></system-out>
         <system-err><![CDATA[]]></system-err>
      </testcase>
      <system-out><![CDATA[2018-08-13 16:41:18 - [TEST_SUITE][PASSED] - OrangeHRM: Test Cases/OrangeHRM/ValidLogin]]></system-out>
      <system-err><![CDATA[]]></system-err>
   </testsuite>
</testsuites>
